<?xml version="1.0" encoding="UTF-8"?>
<!-- Generated by org.testng.reporters.JUnitReportReporter -->
<testsuite hostname="DESKTOP-GMBOEKU" failures="0" tests="1" name="com.orangehrm.tests.LoginTests" time="7.451" errors="0" timestamp="2025-09-24T21:44:58 IST" skipped="0">
  <testcase classname="com.orangehrm.tests.LoginTests" name="testSuccessfulLogin" time="7.451"/>
</testsuite> <!-- com.orangehrm.tests.LoginTests -->
